[2025-05-08 12:16:06] Action: CREATE, Title: 
[2025-05-08 12:21:11] Action: CREATE, Title: gg
[2025-05-08 12:57:23] Action: UPDATE, Title: Updated Book Title
[2025-05-08 13:00:04] Action: UPDATE, Title: 
[2025-05-08 13:00:57] Action: UPDATE, Title: 
[2025-05-08 13:04:14] Action: UPDATE, Title: 
[2025-05-08 13:07:15] Action: UPDATE, Title: 
[2025-05-08 13:08:48] Action: UPDATE, Title: 
[2025-05-08 13:09:12] Action: UPDATE, Title: 
[2025-05-08 13:31:55] Action: DELETE, Title: 
[2025-05-08 14:10:18] Action: CREATE, Title: gff
[2025-05-08 18:17:30] Action: CREATE, Title: cc
[2025-05-13 22:46:43] Action: CREATE, Title: knm
[2025-05-13 22:51:27] Action: CREATE, Title: zeguara
[2025-05-13 22:51:48] Action: DELETE, Title: knm
[2025-05-13 23:42:50] Action: CREATE, Title: Emegua
[2025-05-14 00:05:32] Action: CREATE, Title: Merbebet
[2025-05-14 00:08:05] Action: CREATE, Title: ፍቅር እስከ መቃብር 
[2025-05-14 00:09:26] Action: CREATE, Title: መርበብት
[2025-05-14 00:09:43] Action: DELETE, Title: Merbebet
[2025-05-14 01:38:29] Action: CREATE, Title:  አለመኖር
[2025-05-14 01:42:03] Action: CREATE, Title: ሐሽማል
